<?xml version="1.0" encoding="UTF-8"?>
<!-- Generated by org.testng.reporters.JUnitXMLReporter -->
<testsuite hostname="SH-3TMN1QS" ignored="0" name="Testchrome" tests="3" failures="0" timestamp="30 Oct 2020 18:47:53 GMT" time="10.585" errors="0">
  <testcase name="method1" time="5.549" classname="org.test.AdactinCrossBrowser"/>
  <testcase name="method2" time="0.934" classname="org.test.AdactinCrossBrowser"/>
  <testcase name="method3" time="0.464" classname="org.test.AdactinCrossBrowser"/>
</testsuite> <!-- Testchrome -->
