<?xml version="1.0" encoding="UTF-8"?>
<!-- Generated by org.testng.reporters.JUnitXMLReporter -->
<testsuite hostname="SH-3TMN1QS" ignored="0" name="Testff" tests="3" failures="0" timestamp="30 Oct 2020 18:48:10 GMT" time="17.657" errors="0">
  <testcase name="method1" time="9.415" classname="org.test.AdactinCrossBrowser"/>
  <testcase name="method2" time="2.223" classname="org.test.AdactinCrossBrowser"/>
  <testcase name="method3" time="0.649" classname="org.test.AdactinCrossBrowser"/>
</testsuite> <!-- Testff -->
