<?xml version="1.0" encoding="UTF-8"?>
<testng-results skipped="0" failed="0" ignored="0" total="6" passed="6">
  <reporter-output>
  </reporter-output>
  <suite name="Suite" duration-ms="28264" started-at="2020-10-30T18:47:42Z" finished-at="2020-10-30T18:48:10Z">
    <groups>
    </groups>
    <test name="Testchrome" duration-ms="10585" started-at="2020-10-30T18:47:42Z" finished-at="2020-10-30T18:47:53Z">
      <class name="org.test.AdactinCrossBrowser">
        <test-method status="PASS" signature="launch(java.lang.String)[pri:0, instance:org.test.AdactinCrossBrowser@2b6faea6]" name="launch" is-config="true" duration-ms="3614" started-at="2020-10-30T18:47:42Z" finished-at="2020-10-30T18:47:46Z">
          <params>
            <param index="0">
              <value>
                <![CDATA[chrome]]>
              </value>
            </param>
          </params>
          <reporter-output>
          </reporter-output>
        </test-method> <!-- launch -->
        <test-method status="PASS" signature="method1()[pri:0, instance:org.test.AdactinCrossBrowser@2b6faea6]" name="method1" duration-ms="5549" started-at="2020-10-30T18:47:46Z" finished-at="2020-10-30T18:47:51Z">
          <reporter-output>
          </reporter-output>
        </test-method> <!-- method1 -->
        <test-method status="PASS" signature="method2()[pri:0, instance:org.test.AdactinCrossBrowser@2b6faea6]" name="method2" duration-ms="934" started-at="2020-10-30T18:47:51Z" finished-at="2020-10-30T18:47:52Z">
          <reporter-output>
          </reporter-output>
        </test-method> <!-- method2 -->
        <test-method status="PASS" signature="method3()[pri:0, instance:org.test.AdactinCrossBrowser@2b6faea6]" name="method3" duration-ms="464" started-at="2020-10-30T18:47:52Z" finished-at="2020-10-30T18:47:53Z">
          <reporter-output>
          </reporter-output>
        </test-method> <!-- method3 -->
      </class> <!-- org.test.AdactinCrossBrowser -->
    </test> <!-- Testchrome -->
    <test name="Testff" duration-ms="17657" started-at="2020-10-30T18:47:53Z" finished-at="2020-10-30T18:48:10Z">
      <class name="org.test.AdactinCrossBrowser">
        <test-method status="PASS" signature="launch(java.lang.String)[pri:0, instance:org.test.AdactinCrossBrowser@1b1473ab]" name="launch" is-config="true" duration-ms="5370" started-at="2020-10-30T18:47:53Z" finished-at="2020-10-30T18:47:58Z">
          <params>
            <param index="0">
              <value>
                <![CDATA[ff]]>
              </value>
            </param>
          </params>
          <reporter-output>
          </reporter-output>
        </test-method> <!-- launch -->
        <test-method status="PASS" signature="method1()[pri:0, instance:org.test.AdactinCrossBrowser@1b1473ab]" name="method1" duration-ms="9415" started-at="2020-10-30T18:47:58Z" finished-at="2020-10-30T18:48:07Z">
          <reporter-output>
          </reporter-output>
        </test-method> <!-- method1 -->
        <test-method status="PASS" signature="method2()[pri:0, instance:org.test.AdactinCrossBrowser@1b1473ab]" name="method2" duration-ms="2223" started-at="2020-10-30T18:48:07Z" finished-at="2020-10-30T18:48:10Z">
          <reporter-output>
          </reporter-output>
        </test-method> <!-- method2 -->
        <test-method status="PASS" signature="method3()[pri:0, instance:org.test.AdactinCrossBrowser@1b1473ab]" name="method3" duration-ms="649" started-at="2020-10-30T18:48:10Z" finished-at="2020-10-30T18:48:10Z">
          <reporter-output>
          </reporter-output>
        </test-method> <!-- method3 -->
      </class> <!-- org.test.AdactinCrossBrowser -->
    </test> <!-- Testff -->
  </suite> <!-- Suite -->
</testng-results>
